getantibody/tap/antibody
asdf
aspell
autoenv
autossh
bat
bison
boot-clj
carthage
chruby
koekeishiya/formulae/chunkwm
borkdude/brew/clj-kondo
clojure
consul
curl
dep
direnv
elasticsearch
envconsul
fd
findutils
fzf
gawk
git-crypt
gnu-getopt
gnu-indent
gnu-sed
gnu-tar
gnutls
grep
html2text
htop
candid82/brew/joker
jq
kibana
libxslt
maven
minio/stable/mc
minio/stable/minio
node
postgresql
proctools
pyenv
redis
ripgrep
ruby-install
sassc
shellcheck
koekeishiya/formulae/skhd
the_silver_searcher
tree
unzip
vault
wget
yamllint
zsh
zsh-autosuggestions
zsh-syntax-highlighting
